c:\users\bread\desktop\ccdikdemo\breadprojectfailed\library\breadlibrary\build\obj\breadlib_graphics\x86\debug\modelresource.obj
c:\users\bread\desktop\ccdikdemo\breadprojectfailed\library\breadlibrary\build\obj\breadlib_graphics\x86\debug\depthstencilsurfacedx11.obj
c:\users\bread\desktop\ccdikdemo\breadprojectfailed\library\breadlibrary\build\obj\breadlib_graphics\x86\debug\animationresource.obj
c:\users\bread\desktop\ccdikdemo\breadprojectfailed\library\breadlibrary\build\obj\breadlib_graphics\x86\debug\devicedx11.obj
c:\users\bread\desktop\ccdikdemo\breadprojectfailed\library\breadlibrary\build\obj\breadlib_graphics\x86\debug\depthstencildx11.obj
c:\users\bread\desktop\ccdikdemo\breadprojectfailed\library\breadlibrary\build\obj\breadlib_graphics\x86\debug\textureresource.obj
c:\users\bread\desktop\ccdikdemo\breadprojectfailed\library\breadlibrary\build\obj\breadlib_graphics\x86\debug\contextdx11.obj
c:\users\bread\desktop\ccdikdemo\breadprojectfailed\library\breadlibrary\build\obj\breadlib_graphics\x86\debug\pch.obj
c:\users\bread\desktop\ccdikdemo\breadprojectfailed\library\breadlibrary\build\obj\breadlib_graphics\x86\debug\animationplayer.obj
c:\users\bread\desktop\ccdikdemo\breadprojectfailed\library\breadlibrary\build\obj\breadlib_graphics\x86\debug\texturedx11.obj
c:\users\bread\desktop\ccdikdemo\breadprojectfailed\library\breadlibrary\build\obj\breadlib_graphics\x86\debug\graphicsdevicedx11.obj
c:\users\bread\desktop\ccdikdemo\breadprojectfailed\library\breadlibrary\build\obj\breadlib_graphics\x86\debug\textureresourcestb.obj
c:\users\bread\desktop\ccdikdemo\breadprojectfailed\library\breadlibrary\build\obj\breadlib_graphics\x86\debug\lightingstate.obj
c:\users\bread\desktop\ccdikdemo\breadprojectfailed\library\breadlibrary\build\obj\breadlib_graphics\x86\debug\samplerdx11.obj
c:\users\bread\desktop\ccdikdemo\breadprojectfailed\library\breadlibrary\build\obj\breadlib_graphics\x86\debug\renderstateutillitydx11.obj
c:\users\bread\desktop\ccdikdemo\breadprojectfailed\library\breadlibrary\build\obj\breadlib_graphics\x86\debug\blenddx11.obj
c:\users\bread\desktop\ccdikdemo\breadprojectfailed\library\breadlibrary\build\obj\breadlib_graphics\x86\debug\swapchaindx11.obj
c:\users\bread\desktop\ccdikdemo\breadprojectfailed\library\breadlibrary\build\obj\breadlib_graphics\x86\debug\meshdx11.obj
c:\users\bread\desktop\ccdikdemo\breadprojectfailed\library\breadlibrary\build\obj\breadlib_graphics\x86\debug\shaderdx11.obj
c:\users\bread\desktop\ccdikdemo\breadprojectfailed\library\breadlibrary\build\obj\breadlib_graphics\x86\debug\mesh.obj
c:\users\bread\desktop\ccdikdemo\breadprojectfailed\library\breadlibrary\build\obj\breadlib_graphics\x86\debug\rendertargetsurfacedx11.obj
c:\users\bread\desktop\ccdikdemo\breadprojectfailed\library\breadlibrary\build\obj\breadlib_graphics\x86\debug\bufferdx11.obj
c:\users\bread\desktop\ccdikdemo\breadprojectfailed\library\breadlibrary\build\obj\breadlib_graphics\x86\debug\rasterizerdx11.obj
c:\users\bread\desktop\ccdikdemo\breadprojectfailed\library\breadlibrary\build\lib\x86\debug\breadlib_graphics.pdb
c:\users\bread\desktop\ccdikdemo\breadprojectfailed\library\breadlibrary\build\obj\breadlib_graphics\x86\debug\camera.obj
c:\users\bread\desktop\ccdikdemo\breadprojectfailed\library\breadlibrary\build\lib\x86\debug\breadlib_graphics.lib
c:\users\bread\desktop\ccdikdemo\breadprojectfailed\library\breadlibrary\build\breadlib_graphics\..\lib\x86\debug\breadlib_graphics.pdb
c:\users\bread\desktop\ccdikdemo\breadprojectfailed\library\breadlibrary\build\obj\breadlib_graphics\x86\debug\breadlib.a4712a62.tlog\cl.command.1.tlog
c:\users\bread\desktop\ccdikdemo\breadprojectfailed\library\breadlibrary\build\obj\breadlib_graphics\x86\debug\breadlib.a4712a62.tlog\cl.read.1.tlog
c:\users\bread\desktop\ccdikdemo\breadprojectfailed\library\breadlibrary\build\obj\breadlib_graphics\x86\debug\breadlib.a4712a62.tlog\cl.write.1.tlog
c:\users\bread\desktop\ccdikdemo\breadprojectfailed\library\breadlibrary\build\obj\breadlib_graphics\x86\debug\breadlib.a4712a62.tlog\lib-link.read.1.tlog
c:\users\bread\desktop\ccdikdemo\breadprojectfailed\library\breadlibrary\build\obj\breadlib_graphics\x86\debug\breadlib.a4712a62.tlog\lib-link.write.1.tlog
c:\users\bread\desktop\ccdikdemo\breadprojectfailed\library\breadlibrary\build\obj\breadlib_graphics\x86\debug\breadlib.a4712a62.tlog\lib.command.1.tlog
