  AnimationPlayer.cpp
  AnimationResource.cpp
  BufferDX11.cpp
  Camera.cpp
  ContextDX11.cpp
  DeviceDX11.cpp
  GraphicsDeviceDX11.cpp
  LightingState.cpp
  MeshDX11.cpp
  Mesh.cpp
  ModelResource.cpp
  pch.cpp
  RenderStateUtillityDX11.cpp
  BlendDX11.cpp
  DepthStencilDX11.cpp
  RasterizerDX11.cpp
  SamplerDX11.cpp
C:\Users\BREAD\Desktop\ccdikDemo\BREADProjectFailed\Library\BREADLibrary\Include\Graphics\Camera.h(93,9): error C3668: 'Bread::Graphics::Camera::Update': オーバーライド指定子 'override' を伴うメソッドは、基底クラス メソッドをオーバーライドしませんでした (ソース ファイルをコンパイルしています ..\..\Source\Graphics\Camera\Camera.cpp)
C:\Users\BREAD\Desktop\ccdikDemo\BREADProjectFailed\Library\BREADLibrary\Include\Graphics\Camera.h(96,9): error C3668: 'Bread::Graphics::Camera::Draw': オーバーライド指定子 'override' を伴うメソッドは、基底クラス メソッドをオーバーライドしませんでした (ソース ファイルをコンパイルしています ..\..\Source\Graphics\Camera\Camera.cpp)
  ShaderDX11.cpp
  SwapChainDX11.cpp
  DepthStencilSurfaceDX11.cpp
  RenderTargetSurfaceDX11.cpp
  TextureResource.cpp
  TextureResourceSTB.cpp
  TextureDX11.cpp
C:\Users\BREAD\Desktop\ccdikDemo\BREADProjectFailed\Library\BREADLibrary\Source\Graphics\Animation\AnimationResource.cpp(196,30): warning C4018: '<=': signed と unsigned の数値を比較しようとしました。
C:\Users\BREAD\Desktop\ccdikDemo\BREADProjectFailed\Library\BREADLibrary\Source\Graphics\Animation\AnimationResource.cpp(216,31): warning C4018: '<=': signed と unsigned の数値を比較しようとしました。
C:\Users\BREAD\Desktop\ccdikDemo\BREADProjectFailed\Library\BREADLibrary\Source\Graphics\Animation\AnimationResource.cpp(236,34): warning C4018: '<=': signed と unsigned の数値を比較しようとしました。
