d:\作業中ファイル\ccdikdemo\breadprojectfailed\ikdemoeditor\library\breadlibrary\build\obj\breadlib_graphics\x86\release\modelresource.obj
d:\作業中ファイル\ccdikdemo\breadprojectfailed\ikdemoeditor\library\breadlibrary\build\obj\breadlib_graphics\x86\release\bufferdx11.obj
d:\作業中ファイル\ccdikdemo\breadprojectfailed\ikdemoeditor\library\breadlibrary\build\obj\breadlib_graphics\x86\release\blenddx11.obj
d:\作業中ファイル\ccdikdemo\breadprojectfailed\ikdemoeditor\library\breadlibrary\build\obj\breadlib_graphics\x86\release\swapchaindx11.obj
d:\作業中ファイル\ccdikdemo\breadprojectfailed\ikdemoeditor\library\breadlibrary\build\obj\breadlib_graphics\x86\release\contextdx11.obj
d:\作業中ファイル\ccdikdemo\breadprojectfailed\ikdemoeditor\library\breadlibrary\build\obj\breadlib_graphics\x86\release\mesh.obj
d:\作業中ファイル\ccdikdemo\breadprojectfailed\ikdemoeditor\library\breadlibrary\build\obj\breadlib_graphics\x86\release\rendertargetsurfacedx11.obj
d:\作業中ファイル\ccdikdemo\breadprojectfailed\ikdemoeditor\library\breadlibrary\build\obj\breadlib_graphics\x86\release\pch.obj
d:\作業中ファイル\ccdikdemo\breadprojectfailed\ikdemoeditor\library\breadlibrary\build\obj\breadlib_graphics\x86\release\renderstateutillitydx11.obj
d:\作業中ファイル\ccdikdemo\breadprojectfailed\ikdemoeditor\library\breadlibrary\build\obj\breadlib_graphics\x86\release\rasterizerdx11.obj
d:\作業中ファイル\ccdikdemo\breadprojectfailed\ikdemoeditor\library\breadlibrary\build\obj\breadlib_graphics\x86\release\texturedx11.obj
d:\作業中ファイル\ccdikdemo\breadprojectfailed\ikdemoeditor\library\breadlibrary\build\obj\breadlib_graphics\x86\release\camera.obj
d:\作業中ファイル\ccdikdemo\breadprojectfailed\ikdemoeditor\library\breadlibrary\build\obj\breadlib_graphics\x86\release\textureresourcestb.obj
d:\作業中ファイル\ccdikdemo\breadprojectfailed\ikdemoeditor\library\breadlibrary\build\obj\breadlib_graphics\x86\release\animationplayer.obj
d:\作業中ファイル\ccdikdemo\breadprojectfailed\ikdemoeditor\library\breadlibrary\build\obj\breadlib_graphics\x86\release\depthstencilsurfacedx11.obj
d:\作業中ファイル\ccdikdemo\breadprojectfailed\ikdemoeditor\library\breadlibrary\build\obj\breadlib_graphics\x86\release\devicedx11.obj
d:\作業中ファイル\ccdikdemo\breadprojectfailed\ikdemoeditor\library\breadlibrary\build\obj\breadlib_graphics\x86\release\depthstencildx11.obj
d:\作業中ファイル\ccdikdemo\breadprojectfailed\ikdemoeditor\library\breadlibrary\build\obj\breadlib_graphics\x86\release\textureresource.obj
d:\作業中ファイル\ccdikdemo\breadprojectfailed\ikdemoeditor\library\breadlibrary\build\obj\breadlib_graphics\x86\release\meshdx11.obj
d:\作業中ファイル\ccdikdemo\breadprojectfailed\ikdemoeditor\library\breadlibrary\build\obj\breadlib_graphics\x86\release\shaderdx11.obj
d:\作業中ファイル\ccdikdemo\breadprojectfailed\ikdemoeditor\library\breadlibrary\build\obj\breadlib_graphics\x86\release\graphicsdevicedx11.obj
d:\作業中ファイル\ccdikdemo\breadprojectfailed\ikdemoeditor\library\breadlibrary\build\obj\breadlib_graphics\x86\release\lightingstate.obj
d:\作業中ファイル\ccdikdemo\breadprojectfailed\ikdemoeditor\library\breadlibrary\build\obj\breadlib_graphics\x86\release\samplerdx11.obj
d:\作業中ファイル\ccdikdemo\breadprojectfailed\ikdemoeditor\library\breadlibrary\build\obj\breadlib_graphics\x86\release\animationresource.obj
d:\作業中ファイル\ccdikdemo\breadprojectfailed\ikdemoeditor\library\breadlibrary\build\lib\x86\release\breadlib_graphics.pdb
d:\作業中ファイル\ccdikdemo\breadprojectfailed\ikdemoeditor\library\breadlibrary\build\lib\x86\release\breadlib_graphics.lib
d:\作業中ファイル\ccdikdemo\breadprojectfailed\ikdemoeditor\library\breadlibrary\build\breadlib_graphics\..\lib\x86\release\breadlib_graphics.pdb
d:\作業中ファイル\ccdikdemo\breadprojectfailed\ikdemoeditor\library\breadlibrary\build\obj\breadlib_graphics\x86\release\breadlib.a4712a62.tlog\cl.12232.write.1.tlog
d:\作業中ファイル\ccdikdemo\breadprojectfailed\ikdemoeditor\library\breadlibrary\build\obj\breadlib_graphics\x86\release\breadlib.a4712a62.tlog\cl.command.1.tlog
d:\作業中ファイル\ccdikdemo\breadprojectfailed\ikdemoeditor\library\breadlibrary\build\obj\breadlib_graphics\x86\release\breadlib.a4712a62.tlog\cl.read.1.tlog
d:\作業中ファイル\ccdikdemo\breadprojectfailed\ikdemoeditor\library\breadlibrary\build\obj\breadlib_graphics\x86\release\breadlib.a4712a62.tlog\lib-link.read.1.tlog
d:\作業中ファイル\ccdikdemo\breadprojectfailed\ikdemoeditor\library\breadlibrary\build\obj\breadlib_graphics\x86\release\breadlib.a4712a62.tlog\lib-link.write.1.tlog
d:\作業中ファイル\ccdikdemo\breadprojectfailed\ikdemoeditor\library\breadlibrary\build\obj\breadlib_graphics\x86\release\breadlib.a4712a62.tlog\lib.command.1.tlog
