  AnimationPlayer.cpp
  AnimationResource.cpp
  BufferDX11.cpp
  Camera.cpp
  ContextDX11.cpp
  DeviceDX11.cpp
  GraphicsDeviceDX11.cpp
  LightingState.cpp
  MeshDX11.cpp
  Mesh.cpp
  ModelResource.cpp
  pch.cpp
  RenderStateUtillityDX11.cpp
  BlendDX11.cpp
  DepthStencilDX11.cpp
  RasterizerDX11.cpp
D:\worlkingFolder\ccdikDemo\BREADProjectFailed\IKDemoEditor\Library\BREADLibrary\Source\Graphics\Animation\AnimationResource.cpp(196,30): warning C4018: '<=': signed と unsigned の数値を比較しようとしました。
D:\worlkingFolder\ccdikDemo\BREADProjectFailed\IKDemoEditor\Library\BREADLibrary\Source\Graphics\Animation\AnimationResource.cpp(216,31): warning C4018: '<=': signed と unsigned の数値を比較しようとしました。
D:\worlkingFolder\ccdikDemo\BREADProjectFailed\IKDemoEditor\Library\BREADLibrary\Source\Graphics\Animation\AnimationResource.cpp(236,34): warning C4018: '<=': signed と unsigned の数値を比較しようとしました。
  SamplerDX11.cpp
  ShaderDX11.cpp
  SwapChainDX11.cpp
  DepthStencilSurfaceDX11.cpp
  RenderTargetSurfaceDX11.cpp
  TextureResource.cpp
  TextureResourceSTB.cpp
  TextureDX11.cpp
  RenderManager.cpp
D:\worlkingFolder\ccdikDemo\BREADProjectFailed\IKDemoEditor\Library\BREADLibrary\Include\FrameWork\Component\VelocityMap.h(168,42): warning C4227: 旧形式が使用されています: 参照の修飾子は無視されます。
D:\worlkingFolder\ccdikDemo\BREADProjectFailed\IKDemoEditor\Library\BREADLibrary\Include\FrameWork\Component\VelocityMap.h(186,42): warning C4227: 旧形式が使用されています: 参照の修飾子は無視されます。
  BreadLib_Graphics.vcxproj -> D:\worlkingFolder\ccdikDemo\BREADProjectFailed\IKDemoEditor\Library\BREADLibrary\Build\lib\x86\Release\BreadLib_Graphics.lib
