c:\users\kouya\desktop\ccdikdemo\breadprojectfailed\library\breadlibrary\build\lib\x86\debug\runtimeobjectsystem.pdb
c:\users\kouya\desktop\ccdikdemo\breadprojectfailed\library\breadlibrary\build\lib\x86\debug\runtimeobjectsystem.idb
c:\users\kouya\desktop\ccdikdemo\breadprojectfailed\library\breadlibrary\build\obj\runtimeobjectsystem\x86\debug\simpleserializer.obj
c:\users\kouya\desktop\ccdikdemo\breadprojectfailed\library\breadlibrary\build\obj\runtimeobjectsystem\x86\debug\runtimeobjectsystem_platformwindows.obj
c:\users\kouya\desktop\ccdikdemo\breadprojectfailed\library\breadlibrary\build\obj\runtimeobjectsystem\x86\debug\runtimeobjectsystem.obj
c:\users\kouya\desktop\ccdikdemo\breadprojectfailed\library\breadlibrary\build\obj\runtimeobjectsystem\x86\debug\objectinterfacepermodulesource.obj
c:\users\kouya\desktop\ccdikdemo\breadprojectfailed\library\breadlibrary\build\obj\runtimeobjectsystem\x86\debug\objectfactorysystem.obj
c:\users\kouya\desktop\ccdikdemo\breadprojectfailed\library\breadlibrary\build\obj\runtimeobjectsystem\x86\debug\runtimeobjectsystem_platformposix.obj
c:\users\kouya\desktop\ccdikdemo\breadprojectfailed\library\breadlibrary\build\lib\x86\debug\runtimeobjectsystem.lib
c:\users\bread\desktop\ccdikdemo\breadprojectfailed\library\breadlibrary\build\obj\runtimeobjectsystem\x86\debug\objectfactorysystem.obj
c:\users\bread\desktop\ccdikdemo\breadprojectfailed\library\breadlibrary\build\obj\runtimeobjectsystem\x86\debug\objectinterfacepermodulesource.obj
c:\users\bread\desktop\ccdikdemo\breadprojectfailed\library\breadlibrary\build\obj\runtimeobjectsystem\x86\debug\runtimeobjectsystem.obj
c:\users\bread\desktop\ccdikdemo\breadprojectfailed\library\breadlibrary\build\obj\runtimeobjectsystem\x86\debug\runtimeobjectsystem_platformposix.obj
c:\users\bread\desktop\ccdikdemo\breadprojectfailed\library\breadlibrary\build\obj\runtimeobjectsystem\x86\debug\runtimeobjectsystem_platformwindows.obj
c:\users\bread\desktop\ccdikdemo\breadprojectfailed\library\breadlibrary\build\obj\runtimeobjectsystem\x86\debug\simpleserializer.obj
c:\users\bread\desktop\ccdikdemo\breadprojectfailed\library\breadlibrary\build\lib\x86\debug\runtimeobjectsystem.pdb
c:\users\bread\desktop\ccdikdemo\breadprojectfailed\library\breadlibrary\build\lib\x86\debug\runtimeobjectsystem.lib
c:\users\bread\desktop\ccdikdemo\breadprojectfailed\library\breadlibrary\build\obj\runtimeobjectsystem\x86\debug\runtimeo.fa4e24f1.tlog\cl.command.1.tlog
c:\users\bread\desktop\ccdikdemo\breadprojectfailed\library\breadlibrary\build\obj\runtimeobjectsystem\x86\debug\runtimeo.fa4e24f1.tlog\cl.read.1.tlog
c:\users\bread\desktop\ccdikdemo\breadprojectfailed\library\breadlibrary\build\obj\runtimeobjectsystem\x86\debug\runtimeo.fa4e24f1.tlog\cl.write.1.tlog
c:\users\bread\desktop\ccdikdemo\breadprojectfailed\library\breadlibrary\build\obj\runtimeobjectsystem\x86\debug\runtimeo.fa4e24f1.tlog\lib-link.read.1.tlog
c:\users\bread\desktop\ccdikdemo\breadprojectfailed\library\breadlibrary\build\obj\runtimeobjectsystem\x86\debug\runtimeo.fa4e24f1.tlog\lib-link.write.1.tlog
c:\users\bread\desktop\ccdikdemo\breadprojectfailed\library\breadlibrary\build\obj\runtimeobjectsystem\x86\debug\runtimeo.fa4e24f1.tlog\lib.command.1.tlog
