d:\作業中ファイル\ccdikdemo\breadprojectfailed\ikdemoeditor\library\breadlibrary\build\obj\breadlib_os\x86\release\threadwin.obj
d:\作業中ファイル\ccdikdemo\breadprojectfailed\ikdemoeditor\library\breadlibrary\build\obj\breadlib_os\x86\release\pch.obj
d:\作業中ファイル\ccdikdemo\breadprojectfailed\ikdemoeditor\library\breadlibrary\build\obj\breadlib_os\x86\release\mainwin.obj
d:\作業中ファイル\ccdikdemo\breadprojectfailed\ikdemoeditor\library\breadlibrary\build\obj\breadlib_os\x86\release\displaywin.obj
d:\作業中ファイル\ccdikdemo\breadprojectfailed\ikdemoeditor\library\breadlibrary\build\obj\breadlib_os\x86\release\criticalsectionwin.obj
d:\作業中ファイル\ccdikdemo\breadprojectfailed\ikdemoeditor\library\breadlibrary\build\obj\breadlib_os\x86\release\resource.obj
d:\作業中ファイル\ccdikdemo\breadprojectfailed\ikdemoeditor\library\breadlibrary\build\obj\breadlib_os\x86\release\eventwin.obj
d:\作業中ファイル\ccdikdemo\breadprojectfailed\ikdemoeditor\library\breadlibrary\build\obj\breadlib_os\x86\release\memorystream.obj
d:\作業中ファイル\ccdikdemo\breadprojectfailed\ikdemoeditor\library\breadlibrary\build\obj\breadlib_os\x86\release\resourcemanager.obj
d:\作業中ファイル\ccdikdemo\breadprojectfailed\ikdemoeditor\library\breadlibrary\build\obj\breadlib_os\x86\release\filestreamwin.obj
d:\作業中ファイル\ccdikdemo\breadprojectfailed\ikdemoeditor\library\breadlibrary\build\obj\breadlib_os\x86\release\criticalsection.obj
d:\作業中ファイル\ccdikdemo\breadprojectfailed\ikdemoeditor\library\breadlibrary\build\obj\breadlib_os\x86\release\path.obj
d:\作業中ファイル\ccdikdemo\breadprojectfailed\ikdemoeditor\library\breadlibrary\build\lib\x86\release\breadlib_os.pdb
d:\作業中ファイル\ccdikdemo\breadprojectfailed\ikdemoeditor\library\breadlibrary\build\lib\x86\release\breadlib_os.lib
d:\作業中ファイル\ccdikdemo\breadprojectfailed\ikdemoeditor\library\breadlibrary\build\breadlib_os\..\lib\x86\release\breadlib_os.pdb
d:\作業中ファイル\ccdikdemo\breadprojectfailed\ikdemoeditor\library\breadlibrary\build\obj\breadlib_os\x86\release\breadlib_os.tlog\cl.15496.write.1.tlog
d:\作業中ファイル\ccdikdemo\breadprojectfailed\ikdemoeditor\library\breadlibrary\build\obj\breadlib_os\x86\release\breadlib_os.tlog\cl.command.1.tlog
d:\作業中ファイル\ccdikdemo\breadprojectfailed\ikdemoeditor\library\breadlibrary\build\obj\breadlib_os\x86\release\breadlib_os.tlog\cl.read.1.tlog
d:\作業中ファイル\ccdikdemo\breadprojectfailed\ikdemoeditor\library\breadlibrary\build\obj\breadlib_os\x86\release\breadlib_os.tlog\lib-link.read.1.tlog
d:\作業中ファイル\ccdikdemo\breadprojectfailed\ikdemoeditor\library\breadlibrary\build\obj\breadlib_os\x86\release\breadlib_os.tlog\lib-link.write.1.tlog
d:\作業中ファイル\ccdikdemo\breadprojectfailed\ikdemoeditor\library\breadlibrary\build\obj\breadlib_os\x86\release\breadlib_os.tlog\lib.command.1.tlog
