  AnimationPlayer.cpp
  AnimationResource.cpp
  BufferDX11.cpp
  Camera.cpp
  ContextDX11.cpp
  DeviceDX11.cpp
  GraphicsDeviceDX11.cpp
  LightingState.cpp
  MeshDX11.cpp
  Mesh.cpp
  ModelResource.cpp
  pch.cpp
  RenderStateUtillityDX11.cpp
  BlendDX11.cpp
  DepthStencilDX11.cpp
  RasterizerDX11.cpp
  SamplerDX11.cpp
  ShaderDX11.cpp
  SwapChainDX11.cpp
  DepthStencilSurfaceDX11.cpp
  RenderTargetSurfaceDX11.cpp
  TextureResource.cpp
  TextureResourceSTB.cpp
  TextureDX11.cpp
  BreadLib_Graphics.vcxproj -> D:\作業中ファイル\ccdikDemo\BREADProjectFailed\IKDemoEditor\Library\BREADLibrary\Build\lib\x64\Debug\BreadLib_Graphics.lib
