d:\作業中ファイル\ccdikdemo\breadprojectfailed\ikdemoeditor\breadproject\obj\x86\debug\playercomponent.obj
d:\作業中ファイル\ccdikdemo\breadprojectfailed\ikdemoeditor\breadproject\obj\x86\debug\main.obj
d:\作業中ファイル\ccdikdemo\breadprojectfailed\ikdemoeditor\breadproject\obj\x86\debug\player.obj
d:\作業中ファイル\ccdikdemo\breadprojectfailed\ikdemoeditor\breadproject\obj\x86\debug\scenelabo.obj
d:\作業中ファイル\ccdikdemo\breadprojectfailed\ikdemoeditor\breadproject\obj\x86\debug\scenegame.obj
d:\作業中ファイル\ccdikdemo\breadprojectfailed\ikdemoeditor\breadproject\obj\x86\debug\cameraact.obj
d:\作業中ファイル\ccdikdemo\breadprojectfailed\ikdemoeditor\breadproject\obj\x86\debug\iktargetcom.obj
d:\作業中ファイル\ccdikdemo\breadprojectfailed\ikdemoeditor\breadproject\obj\x86\debug\geometricprimitive.obj
d:\作業中ファイル\ccdikdemo\breadprojectfailed\ikdemoeditor\breadproject\obj\x86\debug\stagecom.obj
d:\作業中ファイル\ccdikdemo\breadprojectfailed\ikdemoeditor\breadproject\obj\x86\debug\scenesystem.obj
d:\作業中ファイル\ccdikdemo\breadprojectfailed\ikdemoeditor\breadproject\obj\x86\debug\raycast.obj
d:\作業中ファイル\ccdikdemo\breadprojectfailed\ikdemoeditor\breadproject\obj\x86\debug\collision.obj
d:\作業中ファイル\ccdikdemo\breadprojectfailed\ikdemoeditor\breadproject\obj\x86\debug\scene.obj
d:\作業中ファイル\ccdikdemo\breadprojectfailed\ikdemoeditor\breadproject\obj\x86\debug\vc142.pdb
d:\作業中ファイル\ccdikdemo\breadprojectfailed\ikdemoeditor\breadproject\obj\x86\debug\vc142.idb
d:\作業中ファイル\ccdikdemo\breadprojectfailed\ikdemoeditor\breadproject\obj\x86\debug\breadproject.tlog\cl.10620.write.1.tlog
d:\作業中ファイル\ccdikdemo\breadprojectfailed\ikdemoeditor\breadproject\obj\x86\debug\breadproject.tlog\cl.command.1.tlog
d:\作業中ファイル\ccdikdemo\breadprojectfailed\ikdemoeditor\breadproject\obj\x86\debug\breadproject.tlog\cl.read.1.tlog
d:\作業中ファイル\ccdikdemo\breadprojectfailed\ikdemoeditor\breadproject\obj\x86\debug\breadproject.tlog\link.command.1.tlog
d:\作業中ファイル\ccdikdemo\breadprojectfailed\ikdemoeditor\breadproject\obj\x86\debug\breadproject.tlog\link.read.1.tlog
d:\作業中ファイル\ccdikdemo\breadprojectfailed\ikdemoeditor\breadproject\obj\x86\debug\breadproject.tlog\link.write.1.tlog
