  CameraAct.cpp
  Collision.cpp
  IKTargetCom.cpp
  Main.cpp
  Player.cpp
  PlayerComponent.cpp
  GeometricPrimitive.cpp
  RayCast.cpp
  scene.cpp
  SceneGame.cpp
  SceneLabo.cpp
  SceneSystem.cpp
  StageCom.cpp
D:\worlkingFolder\ccdikDemo\BREADProjectFailed\IKDemoEditor\Library\BREADLibrary\Include\math\Vector.h(28,45): warning C4244: '初期化中': 'const Bread::f32' から 'Bread::s32' への変換です。データが失われる可能性があります。 (ソース ファイルをコンパイルしています Source\RayCast\RayCast.cpp)
D:\worlkingFolder\ccdikDemo\BREADProjectFailed\IKDemoEditor\Library\BREADLibrary\Include\math\Vector.h(28,55): warning C4244: '初期化中': 'const Bread::f32' から 'Bread::s32' への変換です。データが失われる可能性があります。 (ソース ファイルをコンパイルしています Source\RayCast\RayCast.cpp)
D:\worlkingFolder\ccdikDemo\BREADProjectFailed\IKDemoEditor\Library\BREADLibrary\Include\math\Vector.h(28,45): warning C4244: '初期化中': 'const Bread::f32' から 'Bread::s32' への変換です。データが失われる可能性があります。 (ソース ファイルをコンパイルしています Source\Camera\CameraAct.cpp)
D:\worlkingFolder\ccdikDemo\BREADProjectFailed\IKDemoEditor\Library\BREADLibrary\Include\math\Vector.h(28,55): warning C4244: '初期化中': 'const Bread::f32' から 'Bread::s32' への変換です。データが失われる可能性があります。 (ソース ファイルをコンパイルしています Source\Camera\CameraAct.cpp)
D:\worlkingFolder\ccdikDemo\BREADProjectFailed\IKDemoEditor\Library\BREADLibrary\Include\math\Vector.h(28,45): warning C4244: '初期化中': 'const Bread::f32' から 'Bread::s32' への変換です。データが失われる可能性があります。 (ソース ファイルをコンパイルしています Source\Player\PlayerComponent.cpp)
D:\worlkingFolder\ccdikDemo\BREADProjectFailed\IKDemoEditor\Library\BREADLibrary\Include\math\Vector.h(28,55): warning C4244: '初期化中': 'const Bread::f32' から 'Bread::s32' への変換です。データが失われる可能性があります。 (ソース ファイルをコンパイルしています Source\Player\PlayerComponent.cpp)
D:\worlkingFolder\ccdikDemo\BREADProjectFailed\IKDemoEditor\Library\BREADLibrary\Include\math\Vector.h(28,45): warning C4244: '初期化中': 'const Bread::f32' から 'Bread::s32' への変換です。データが失われる可能性があります。 (ソース ファイルをコンパイルしています Source\Player\Player.cpp)
D:\worlkingFolder\ccdikDemo\BREADProjectFailed\IKDemoEditor\Library\BREADLibrary\Include\math\Vector.h(28,55): warning C4244: '初期化中': 'const Bread::f32' から 'Bread::s32' への変換です。データが失われる可能性があります。 (ソース ファイルをコンパイルしています Source\Player\Player.cpp)
D:\worlkingFolder\ccdikDemo\BREADProjectFailed\IKDemoEditor\Library\BREADLibrary\Include\Math\Vector.h(28,45): warning C4244: '初期化中': 'const Bread::f32' から 'Bread::s32' への変換です。データが失われる可能性があります。 (ソース ファイルをコンパイルしています Source\IKTarget\IKTargetCom.cpp)
D:\worlkingFolder\ccdikDemo\BREADProjectFailed\IKDemoEditor\Library\BREADLibrary\Include\Math\Vector.h(28,55): warning C4244: '初期化中': 'const Bread::f32' から 'Bread::s32' への変換です。データが失われる可能性があります。 (ソース ファイルをコンパイルしています Source\IKTarget\IKTargetCom.cpp)
D:\worlkingFolder\ccdikDemo\BREADProjectFailed\IKDemoEditor\Library\BREADLibrary\Include\math\Vector.h(28,45): warning C4244: '初期化中': 'const Bread::f32' から 'Bread::s32' への変換です。データが失われる可能性があります。 (ソース ファイルをコンパイルしています Source\Collision\Collision.cpp)
D:\worlkingFolder\ccdikDemo\BREADProjectFailed\IKDemoEditor\Library\BREADLibrary\Include\math\Vector.h(28,55): warning C4244: '初期化中': 'const Bread::f32' から 'Bread::s32' への変換です。データが失われる可能性があります。 (ソース ファイルをコンパイルしています Source\Collision\Collision.cpp)
D:\worlkingFolder\ccdikDemo\BREADProjectFailed\IKDemoEditor\Library\BREADLibrary\Include\Math\Vector.h(28,45): warning C4244: '初期化中': 'const Bread::f32' から 'Bread::s32' への変換です。データが失われる可能性があります。 (ソース ファイルをコンパイルしています Source\Scene\SceneLabo.cpp)
D:\worlkingFolder\ccdikDemo\BREADProjectFailed\IKDemoEditor\Library\BREADLibrary\Include\Math\Vector.h(28,55): warning C4244: '初期化中': 'const Bread::f32' から 'Bread::s32' への変換です。データが失われる可能性があります。 (ソース ファイルをコンパイルしています Source\Scene\SceneLabo.cpp)
D:\worlkingFolder\ccdikDemo\BREADProjectFailed\IKDemoEditor\Library\BREADLibrary\Include\Math\Vector.h(28,45): warning C4244: '初期化中': 'const Bread::f32' から 'Bread::s32' への変換です。データが失われる可能性があります。 (ソース ファイルをコンパイルしています Source\Scene\SceneSystem.cpp)
D:\worlkingFolder\ccdikDemo\BREADProjectFailed\IKDemoEditor\Library\BREADLibrary\Include\Math\Vector.h(28,55): warning C4244: '初期化中': 'const Bread::f32' から 'Bread::s32' への変換です。データが失われる可能性があります。 (ソース ファイルをコンパイルしています Source\Scene\SceneSystem.cpp)
D:\worlkingFolder\ccdikDemo\BREADProjectFailed\IKDemoEditor\Library\BREADLibrary\Include\math\Vector.h(28,45): warning C4244: '初期化中': 'const Bread::f32' から 'Bread::s32' への変換です。データが失われる可能性があります。 (ソース ファイルをコンパイルしています Source\Stage\StageCom.cpp)
D:\worlkingFolder\ccdikDemo\BREADProjectFailed\IKDemoEditor\Library\BREADLibrary\Include\math\Vector.h(28,55): warning C4244: '初期化中': 'const Bread::f32' から 'Bread::s32' への変換です。データが失われる可能性があります。 (ソース ファイルをコンパイルしています Source\Stage\StageCom.cpp)
D:\worlkingFolder\ccdikDemo\BREADProjectFailed\IKDemoEditor\Library\BREADLibrary\Include\Math\Vector.h(28,45): warning C4244: '初期化中': 'const Bread::f32' から 'Bread::s32' への変換です。データが失われる可能性があります。 (ソース ファイルをコンパイルしています Source\Main.cpp)
D:\worlkingFolder\ccdikDemo\BREADProjectFailed\IKDemoEditor\Library\BREADLibrary\Include\Math\Vector.h(28,55): warning C4244: '初期化中': 'const Bread::f32' から 'Bread::s32' への変換です。データが失われる可能性があります。 (ソース ファイルをコンパイルしています Source\Main.cpp)
D:\worlkingFolder\ccdikDemo\BREADProjectFailed\IKDemoEditor\Library\BREADLibrary\Include\Math\Vector.h(28,45): warning C4244: '初期化中': 'const Bread::f32' から 'Bread::s32' への変換です。データが失われる可能性があります。 (ソース ファイルをコンパイルしています Source\Scene\SceneGame.cpp)
D:\worlkingFolder\ccdikDemo\BREADProjectFailed\IKDemoEditor\Library\BREADLibrary\Include\Math\Vector.h(28,55): warning C4244: '初期化中': 'const Bread::f32' から 'Bread::s32' への変換です。データが失われる可能性があります。 (ソース ファイルをコンパイルしています Source\Scene\SceneGame.cpp)
D:\worlkingFolder\ccdikDemo\BREADProjectFailed\IKDemoEditor\Library\BREADLibrary\Include\math\Vector.h(28,45): warning C4244: '初期化中': 'const Bread::f32' から 'Bread::s32' への変換です。データが失われる可能性があります。 (ソース ファイルをコンパイルしています Source\Primitive\GeometricPrimitive.cpp)
D:\worlkingFolder\ccdikDemo\BREADProjectFailed\IKDemoEditor\Library\BREADLibrary\Include\math\Vector.h(28,55): warning C4244: '初期化中': 'const Bread::f32' から 'Bread::s32' への変換です。データが失われる可能性があります。 (ソース ファイルをコンパイルしています Source\Primitive\GeometricPrimitive.cpp)
D:\worlkingFolder\ccdikDemo\BREADProjectFailed\IKDemoEditor\Library\BREADLibrary\Include\FrameWork\Component\VelocityMap.h(168,42): warning C4227: 旧形式が使用されています: 参照の修飾子は無視されます。 (ソース ファイルをコンパイルしています Source\IKTarget\IKTargetCom.cpp)
D:\worlkingFolder\ccdikDemo\BREADProjectFailed\IKDemoEditor\Library\BREADLibrary\Include\FrameWork\Component\VelocityMap.h(186,42): warning C4227: 旧形式が使用されています: 参照の修飾子は無視されます。 (ソース ファイルをコンパイルしています Source\IKTarget\IKTargetCom.cpp)
D:\worlkingFolder\ccdikDemo\BREADProjectFailed\IKDemoEditor\Library\BREADLibrary\Include\FrameWork\Component\VelocityMap.h(168,42): warning C4227: 旧形式が使用されています: 参照の修飾子は無視されます。 (ソース ファイルをコンパイルしています Source\Player\Player.cpp)
D:\worlkingFolder\ccdikDemo\BREADProjectFailed\IKDemoEditor\Library\BREADLibrary\Include\FrameWork\Component\VelocityMap.h(186,42): warning C4227: 旧形式が使用されています: 参照の修飾子は無視されます。 (ソース ファイルをコンパイルしています Source\Player\Player.cpp)
D:\worlkingFolder\ccdikDemo\BREADProjectFailed\IKDemoEditor\Library\BREADLibrary\Include\FrameWork\Component\VelocityMap.h(168,42): warning C4227: 旧形式が使用されています: 参照の修飾子は無視されます。 (ソース ファイルをコンパイルしています Source\RayCast\RayCast.cpp)
D:\worlkingFolder\ccdikDemo\BREADProjectFailed\IKDemoEditor\Library\BREADLibrary\Include\FrameWork\Component\VelocityMap.h(186,42): warning C4227: 旧形式が使用されています: 参照の修飾子は無視されます。 (ソース ファイルをコンパイルしています Source\RayCast\RayCast.cpp)
D:\worlkingFolder\ccdikDemo\BREADProjectFailed\IKDemoEditor\Library\BREADLibrary\Include\FrameWork\Component\VelocityMap.h(168,42): warning C4227: 旧形式が使用されています: 参照の修飾子は無視されます。 (ソース ファイルをコンパイルしています Source\Collision\Collision.cpp)
D:\worlkingFolder\ccdikDemo\BREADProjectFailed\IKDemoEditor\Library\BREADLibrary\Include\FrameWork\Component\VelocityMap.h(186,42): warning C4227: 旧形式が使用されています: 参照の修飾子は無視されます。 (ソース ファイルをコンパイルしています Source\Collision\Collision.cpp)
D:\worlkingFolder\ccdikDemo\BREADProjectFailed\IKDemoEditor\BREADProject\Source\RayCast\RayCast.cpp(223,1): warning C4229: 旧形式が使用されています: データの修飾子は無視されます。
D:\worlkingFolder\ccdikDemo\BREADProjectFailed\IKDemoEditor\Library\BREADLibrary\Include\FrameWork\Component\VelocityMap.h(168,42): warning C4227: 旧形式が使用されています: 参照の修飾子は無視されます。 (ソース ファイルをコンパイルしています Source\Stage\StageCom.cpp)
D:\worlkingFolder\ccdikDemo\BREADProjectFailed\IKDemoEditor\Library\BREADLibrary\Include\FrameWork\Component\VelocityMap.h(186,42): warning C4227: 旧形式が使用されています: 参照の修飾子は無視されます。 (ソース ファイルをコンパイルしています Source\Stage\StageCom.cpp)
D:\worlkingFolder\ccdikDemo\BREADProjectFailed\IKDemoEditor\Library\BREADLibrary\Include\FrameWork\Component\VelocityMap.h(168,42): warning C4227: 旧形式が使用されています: 参照の修飾子は無視されます。 (ソース ファイルをコンパイルしています Source\Scene\SceneLabo.cpp)
D:\worlkingFolder\ccdikDemo\BREADProjectFailed\IKDemoEditor\Library\BREADLibrary\Include\FrameWork\Component\VelocityMap.h(186,42): warning C4227: 旧形式が使用されています: 参照の修飾子は無視されます。 (ソース ファイルをコンパイルしています Source\Scene\SceneLabo.cpp)
D:\worlkingFolder\ccdikDemo\BREADProjectFailed\IKDemoEditor\Library\BREADLibrary\Include\FrameWork\Component\VelocityMap.h(168,42): warning C4227: 旧形式が使用されています: 参照の修飾子は無視されます。 (ソース ファイルをコンパイルしています Source\Scene\SceneGame.cpp)
D:\worlkingFolder\ccdikDemo\BREADProjectFailed\IKDemoEditor\Library\BREADLibrary\Include\FrameWork\Component\VelocityMap.h(186,42): warning C4227: 旧形式が使用されています: 参照の修飾子は無視されます。 (ソース ファイルをコンパイルしています Source\Scene\SceneGame.cpp)
D:\worlkingFolder\ccdikDemo\BREADProjectFailed\IKDemoEditor\Library\BREADLibrary\Include\FrameWork\Component\VelocityMap.h(168,42): warning C4227: 旧形式が使用されています: 参照の修飾子は無視されます。 (ソース ファイルをコンパイルしています Source\Scene\SceneSystem.cpp)
D:\worlkingFolder\ccdikDemo\BREADProjectFailed\IKDemoEditor\Library\BREADLibrary\Include\FrameWork\Component\VelocityMap.h(168,42): warning C4227: 旧形式が使用されています: 参照の修飾子は無視されます。 (ソース ファイルをコンパイルしています Source\Main.cpp)
D:\worlkingFolder\ccdikDemo\BREADProjectFailed\IKDemoEditor\Library\BREADLibrary\Include\FrameWork\Component\VelocityMap.h(186,42): warning C4227: 旧形式が使用されています: 参照の修飾子は無視されます。 (ソース ファイルをコンパイルしています Source\Scene\SceneSystem.cpp)
D:\worlkingFolder\ccdikDemo\BREADProjectFailed\IKDemoEditor\Library\BREADLibrary\Include\FrameWork\Component\VelocityMap.h(186,42): warning C4227: 旧形式が使用されています: 参照の修飾子は無視されます。 (ソース ファイルをコンパイルしています Source\Main.cpp)
D:\worlkingFolder\ccdikDemo\BREADProjectFailed\IKDemoEditor\BREADProject\Source\Scene\SceneGame.cpp(1104,53): warning C4244: '引数': 'Bread::s32' から 'float' への変換です。データが失われる可能性があります。
D:\worlkingFolder\ccdikDemo\BREADProjectFailed\IKDemoEditor\BREADProject\Source\Scene\SceneGame.cpp(1105,54): warning C4244: '引数': 'int' から 'float' への変換です。データが失われる可能性があります。
D:\worlkingFolder\ccdikDemo\BREADProjectFailed\IKDemoEditor\BREADProject\Source\Scene\SceneGame.cpp(1193,61): warning C4244: '引数': 'int' から 'float' への変換です。データが失われる可能性があります。
D:\worlkingFolder\ccdikDemo\BREADProjectFailed\IKDemoEditor\BREADProject\Source\Scene\SceneGame.cpp(1307,53): warning C4244: '引数': 'int' から 'float' への変換です。データが失われる可能性があります。
C:\Program Files (x86)\Microsoft Visual Studio\2019\Community\MSBuild\Microsoft\VC\v160\Microsoft.CppCommon.targets(1074,5): error MSB6006: "link.exe" はコード 1104 を伴って終了しました。
LINK : fatal error LNK1104: ファイル 'BreadLib_FrameWork.lib' を開くことができません。
