d:\作業中ファイル\ccdikdemo\breadprojectfailed\ikdemoeditor\library\breadlibrary\build\lib\x86\debug\runtimecompiler_vs2010.pdb
d:\作業中ファイル\ccdikdemo\breadprojectfailed\ikdemoeditor\library\breadlibrary\build\obj\runtimecompiler_vs2010\x86\debug\compiler_platformposix.obj
d:\作業中ファイル\ccdikdemo\breadprojectfailed\ikdemoeditor\library\breadlibrary\build\obj\runtimecompiler_vs2010\x86\debug\filewatcherwin32.obj
d:\作業中ファイル\ccdikdemo\breadprojectfailed\ikdemoeditor\library\breadlibrary\build\obj\runtimecompiler_vs2010\x86\debug\filewatcher.obj
d:\作業中ファイル\ccdikdemo\breadprojectfailed\ikdemoeditor\library\breadlibrary\build\obj\runtimecompiler_vs2010\x86\debug\compiler_platformwindows.obj
d:\作業中ファイル\ccdikdemo\breadprojectfailed\ikdemoeditor\library\breadlibrary\build\obj\runtimecompiler_vs2010\x86\debug\buildtool.obj
d:\作業中ファイル\ccdikdemo\breadprojectfailed\ikdemoeditor\library\breadlibrary\build\obj\runtimecompiler_vs2010\x86\debug\filechangenotifier.obj
d:\作業中ファイル\ccdikdemo\breadprojectfailed\ikdemoeditor\library\breadlibrary\build\lib\x86\debug\runtimecompiler_vs2010.lib
d:\worlkingfolder\ccdikdemo\breadprojectfailed\ikdemoeditor\library\breadlibrary\build\obj\runtimecompiler_vs2010\x86\debug\buildtool.obj
d:\worlkingfolder\ccdikdemo\breadprojectfailed\ikdemoeditor\library\breadlibrary\build\obj\runtimecompiler_vs2010\x86\debug\compiler_platformposix.obj
d:\worlkingfolder\ccdikdemo\breadprojectfailed\ikdemoeditor\library\breadlibrary\build\obj\runtimecompiler_vs2010\x86\debug\compiler_platformwindows.obj
d:\worlkingfolder\ccdikdemo\breadprojectfailed\ikdemoeditor\library\breadlibrary\build\obj\runtimecompiler_vs2010\x86\debug\filechangenotifier.obj
d:\worlkingfolder\ccdikdemo\breadprojectfailed\ikdemoeditor\library\breadlibrary\build\obj\runtimecompiler_vs2010\x86\debug\filewatcher.obj
d:\worlkingfolder\ccdikdemo\breadprojectfailed\ikdemoeditor\library\breadlibrary\build\obj\runtimecompiler_vs2010\x86\debug\filewatcherwin32.obj
d:\worlkingfolder\ccdikdemo\breadprojectfailed\ikdemoeditor\library\breadlibrary\build\lib\x86\debug\runtimecompiler_vs2010.pdb
d:\worlkingfolder\ccdikdemo\breadprojectfailed\ikdemoeditor\library\breadlibrary\build\lib\x86\debug\runtimecompiler_vs2010.lib
d:\worlkingfolder\ccdikdemo\breadprojectfailed\ikdemoeditor\library\breadlibrary\build\obj\runtimecompiler_vs2010\x86\debug\runtimec.790d95ed.tlog\cl.command.1.tlog
d:\worlkingfolder\ccdikdemo\breadprojectfailed\ikdemoeditor\library\breadlibrary\build\obj\runtimecompiler_vs2010\x86\debug\runtimec.790d95ed.tlog\cl.read.1.tlog
d:\worlkingfolder\ccdikdemo\breadprojectfailed\ikdemoeditor\library\breadlibrary\build\obj\runtimecompiler_vs2010\x86\debug\runtimec.790d95ed.tlog\cl.write.1.tlog
d:\worlkingfolder\ccdikdemo\breadprojectfailed\ikdemoeditor\library\breadlibrary\build\obj\runtimecompiler_vs2010\x86\debug\runtimec.790d95ed.tlog\lib-link.read.1.tlog
d:\worlkingfolder\ccdikdemo\breadprojectfailed\ikdemoeditor\library\breadlibrary\build\obj\runtimecompiler_vs2010\x86\debug\runtimec.790d95ed.tlog\lib-link.write.1.tlog
d:\worlkingfolder\ccdikdemo\breadprojectfailed\ikdemoeditor\library\breadlibrary\build\obj\runtimecompiler_vs2010\x86\debug\runtimec.790d95ed.tlog\lib.command.1.tlog
