c:\users\kouya\desktop\ccdikdemo\breadprojectfailed\library\breadlibrary\include\hlsl\averageluminanceps.h
c:\users\kouya\desktop\ccdikdemo\breadprojectfailed\data\shader\averageluminanceps.cso
c:\users\kouya\desktop\ccdikdemo\breadprojectfailed\library\breadlibrary\include\hlsl\basicmaskps.h
c:\users\kouya\desktop\ccdikdemo\breadprojectfailed\data\shader\basicmaskps.cso
c:\users\kouya\desktop\ccdikdemo\breadprojectfailed\library\breadlibrary\include\hlsl\basicps.h
c:\users\kouya\desktop\ccdikdemo\breadprojectfailed\data\shader\basicps.cso
c:\users\kouya\desktop\ccdikdemo\breadprojectfailed\library\breadlibrary\include\hlsl\basicvs.h
c:\users\kouya\desktop\ccdikdemo\breadprojectfailed\data\shader\basicvs.cso
c:\users\kouya\desktop\ccdikdemo\breadprojectfailed\library\breadlibrary\include\hlsl\basicvsskin.h
c:\users\kouya\desktop\ccdikdemo\breadprojectfailed\data\shader\basicvsskin.cso
c:\users\kouya\desktop\ccdikdemo\breadprojectfailed\library\breadlibrary\include\hlsl\bloomblendps.h
c:\users\kouya\desktop\ccdikdemo\breadprojectfailed\data\shader\bloomblendps.cso
c:\users\kouya\desktop\ccdikdemo\breadprojectfailed\library\breadlibrary\include\hlsl\bitonicsort.h
c:\users\kouya\desktop\ccdikdemo\breadprojectfailed\data\shader\bitonicsort.cso
c:\users\kouya\desktop\ccdikdemo\breadprojectfailed\library\breadlibrary\include\hlsl\testcomputeshader.h
c:\users\kouya\desktop\ccdikdemo\breadprojectfailed\data\shader\testcomputeshader.cso
c:\users\kouya\desktop\ccdikdemo\breadprojectfailed\library\breadlibrary\include\hlsl\beginupdatecs.h
c:\users\kouya\desktop\ccdikdemo\breadprojectfailed\data\shader\beginupdatecs.cso
c:\users\kouya\desktop\ccdikdemo\breadprojectfailed\library\breadlibrary\include\hlsl\bossauraeffectcs.h
c:\users\kouya\desktop\ccdikdemo\breadprojectfailed\data\shader\bossauraeffectcs.cso
c:\users\kouya\desktop\ccdikdemo\breadprojectfailed\library\breadlibrary\include\hlsl\clearparticlescs.h
c:\users\kouya\desktop\ccdikdemo\breadprojectfailed\data\shader\clearparticlescs.cso
c:\users\kouya\desktop\ccdikdemo\breadprojectfailed\library\breadlibrary\include\hlsl\clearsystemcs.h
c:\users\kouya\desktop\ccdikdemo\breadprojectfailed\data\shader\clearsystemcs.cso
c:\users\kouya\desktop\ccdikdemo\breadprojectfailed\library\breadlibrary\include\hlsl\dustereffectcs.h
c:\users\kouya\desktop\ccdikdemo\breadprojectfailed\data\shader\dustereffectcs.cso
c:\users\kouya\desktop\ccdikdemo\breadprojectfailed\library\breadlibrary\include\hlsl\emitcs.h
c:\users\kouya\desktop\ccdikdemo\breadprojectfailed\data\shader\emitcs.cso
c:\users\kouya\desktop\ccdikdemo\breadprojectfailed\library\breadlibrary\include\hlsl\emitfrommeshcs.h
c:\users\kouya\desktop\ccdikdemo\breadprojectfailed\data\shader\emitfrommeshcs.cso
c:\users\kouya\desktop\ccdikdemo\breadprojectfailed\library\breadlibrary\include\hlsl\emittedparticlealphaps.h
c:\users\kouya\desktop\ccdikdemo\breadprojectfailed\data\shader\emittedparticlealphaps.cso
c:\users\kouya\desktop\ccdikdemo\breadprojectfailed\library\breadlibrary\include\hlsl\emittedparticleemissiveps.h
c:\users\kouya\desktop\ccdikdemo\breadprojectfailed\data\shader\emittedparticleemissiveps.cso
c:\users\kouya\desktop\ccdikdemo\breadprojectfailed\library\breadlibrary\include\hlsl\emittedparticleps.h
c:\users\kouya\desktop\ccdikdemo\breadprojectfailed\data\shader\emittedparticleps.cso
c:\users\kouya\desktop\ccdikdemo\breadprojectfailed\library\breadlibrary\include\hlsl\emittedparticlevs.h
c:\users\kouya\desktop\ccdikdemo\breadprojectfailed\data\shader\emittedparticlevs.cso
c:\users\kouya\desktop\ccdikdemo\breadprojectfailed\library\breadlibrary\include\hlsl\fillunusedindexcs.h
c:\users\kouya\desktop\ccdikdemo\breadprojectfailed\data\shader\fillunusedindexcs.cso
c:\users\kouya\desktop\ccdikdemo\breadprojectfailed\library\breadlibrary\include\hlsl\finishupdatecs.h
c:\users\kouya\desktop\ccdikdemo\breadprojectfailed\data\shader\finishupdatecs.cso
c:\users\kouya\desktop\ccdikdemo\breadprojectfailed\library\breadlibrary\include\hlsl\initializeparticlescs.h
c:\users\kouya\desktop\ccdikdemo\breadprojectfailed\data\shader\initializeparticlescs.cso
c:\users\kouya\desktop\ccdikdemo\breadprojectfailed\library\breadlibrary\include\hlsl\kickoffupdatecs.h
c:\users\kouya\desktop\ccdikdemo\breadprojectfailed\data\shader\kickoffupdatecs.cso
c:\users\kouya\desktop\ccdikdemo\breadprojectfailed\library\breadlibrary\include\hlsl\petaleffectcs.h
c:\users\kouya\desktop\ccdikdemo\breadprojectfailed\data\shader\petaleffectcs.cso
c:\users\kouya\desktop\ccdikdemo\breadprojectfailed\library\breadlibrary\include\hlsl\playerhiteffectcs.h
c:\users\kouya\desktop\ccdikdemo\breadprojectfailed\data\shader\playerhiteffectcs.cso
c:\users\kouya\desktop\ccdikdemo\breadprojectfailed\library\breadlibrary\include\hlsl\simulatecs.h
c:\users\kouya\desktop\ccdikdemo\breadprojectfailed\data\shader\simulatecs.cso
c:\users\kouya\desktop\ccdikdemo\breadprojectfailed\library\breadlibrary\include\hlsl\soileffectcs.h
c:\users\kouya\desktop\ccdikdemo\breadprojectfailed\data\shader\soileffectcs.cso
c:\users\kouya\desktop\ccdikdemo\breadprojectfailed\library\breadlibrary\include\hlsl\spawnparticlescs.h
c:\users\kouya\desktop\ccdikdemo\breadprojectfailed\data\shader\spawnparticlescs.cso
c:\users\kouya\desktop\ccdikdemo\breadprojectfailed\library\breadlibrary\include\hlsl\fullscreenquadps.h
c:\users\kouya\desktop\ccdikdemo\breadprojectfailed\data\shader\fullscreenquadps.cso
c:\users\kouya\desktop\ccdikdemo\breadprojectfailed\library\breadlibrary\include\hlsl\fullscreenquadpsms.h
c:\users\kouya\desktop\ccdikdemo\breadprojectfailed\data\shader\fullscreenquadpsms.cso
c:\users\kouya\desktop\ccdikdemo\breadprojectfailed\library\breadlibrary\include\hlsl\fullscreenquadvs.h
c:\users\kouya\desktop\ccdikdemo\breadprojectfailed\data\shader\fullscreenquadvs.cso
c:\users\kouya\desktop\ccdikdemo\breadprojectfailed\library\breadlibrary\include\hlsl\gaussianblurconvolutionps.h
c:\users\kouya\desktop\ccdikdemo\breadprojectfailed\data\shader\gaussianblurconvolutionps.cso
c:\users\kouya\desktop\ccdikdemo\breadprojectfailed\library\breadlibrary\include\hlsl\gaussianblurdownsamplingps.h
c:\users\kouya\desktop\ccdikdemo\breadprojectfailed\data\shader\gaussianblurdownsamplingps.cso
c:\users\kouya\desktop\ccdikdemo\breadprojectfailed\library\breadlibrary\include\hlsl\gaussianblurhorizontalps.h
c:\users\kouya\desktop\ccdikdemo\breadprojectfailed\data\shader\gaussianblurhorizontalps.cso
c:\users\kouya\desktop\ccdikdemo\breadprojectfailed\library\breadlibrary\include\hlsl\gaussianblurverticalps.h
c:\users\kouya\desktop\ccdikdemo\breadprojectfailed\data\shader\gaussianblurverticalps.cso
c:\users\kouya\desktop\ccdikdemo\breadprojectfailed\library\breadlibrary\include\hlsl\glowextractionps.h
c:\users\kouya\desktop\ccdikdemo\breadprojectfailed\data\shader\glowextractionps.cso
c:\users\kouya\desktop\ccdikdemo\breadprojectfailed\library\breadlibrary\include\hlsl\lensflareps.h
c:\users\kouya\desktop\ccdikdemo\breadprojectfailed\data\shader\lensflareps.cso
c:\users\kouya\desktop\ccdikdemo\breadprojectfailed\library\breadlibrary\include\hlsl\msaaresolveps.h
c:\users\kouya\desktop\ccdikdemo\breadprojectfailed\data\shader\msaaresolveps.cso
c:\users\kouya\desktop\ccdikdemo\breadprojectfailed\library\breadlibrary\include\hlsl\msaaresolvevs.h
c:\users\kouya\desktop\ccdikdemo\breadprojectfailed\data\shader\msaaresolvevs.cso
c:\users\kouya\desktop\ccdikdemo\breadprojectfailed\library\breadlibrary\include\hlsl\normalblurps.h
c:\users\kouya\desktop\ccdikdemo\breadprojectfailed\data\shader\normalblurps.cso
c:\users\kouya\desktop\ccdikdemo\breadprojectfailed\library\breadlibrary\include\hlsl\physicallybasedrenderingdissolveps.h
c:\users\kouya\desktop\ccdikdemo\breadprojectfailed\data\shader\physicallybasedrenderingdissolveps.cso
c:\users\kouya\desktop\ccdikdemo\breadprojectfailed\library\breadlibrary\include\hlsl\physicallybasedrenderingps.h
c:\users\kouya\desktop\ccdikdemo\breadprojectfailed\data\shader\physicallybasedrenderingps.cso
c:\users\kouya\desktop\ccdikdemo\breadprojectfailed\library\breadlibrary\include\hlsl\physicallybasedrenderingskinps.h
c:\users\kouya\desktop\ccdikdemo\breadprojectfailed\data\shader\physicallybasedrenderingskinps.cso
c:\users\kouya\desktop\ccdikdemo\breadprojectfailed\library\breadlibrary\include\hlsl\physicallybasedrenderingskinvs.h
c:\users\kouya\desktop\ccdikdemo\breadprojectfailed\data\shader\physicallybasedrenderingskinvs.cso
c:\users\kouya\desktop\ccdikdemo\breadprojectfailed\library\breadlibrary\include\hlsl\physicallybasedrenderingvs.h
c:\users\kouya\desktop\ccdikdemo\breadprojectfailed\data\shader\physicallybasedrenderingvs.cso
c:\users\kouya\desktop\ccdikdemo\breadprojectfailed\library\breadlibrary\include\hlsl\postprocessingeffectsps.h
c:\users\kouya\desktop\ccdikdemo\breadprojectfailed\data\shader\postprocessingeffectsps.cso
c:\users\kouya\desktop\ccdikdemo\breadprojectfailed\library\breadlibrary\include\hlsl\quadalphacutoffps.h
c:\users\kouya\desktop\ccdikdemo\breadprojectfailed\data\shader\quadalphacutoffps.cso
c:\users\kouya\desktop\ccdikdemo\breadprojectfailed\library\breadlibrary\include\hlsl\quaddissolveps.h
c:\users\kouya\desktop\ccdikdemo\breadprojectfailed\data\shader\quaddissolveps.cso
c:\users\kouya\desktop\ccdikdemo\breadprojectfailed\library\breadlibrary\include\hlsl\quadps.h
c:\users\kouya\desktop\ccdikdemo\breadprojectfailed\data\shader\quadps.cso
c:\users\kouya\desktop\ccdikdemo\breadprojectfailed\library\breadlibrary\include\hlsl\quadpsms.h
c:\users\kouya\desktop\ccdikdemo\breadprojectfailed\data\shader\quadpsms.cso
c:\users\kouya\desktop\ccdikdemo\breadprojectfailed\library\breadlibrary\include\hlsl\quadvs.h
c:\users\kouya\desktop\ccdikdemo\breadprojectfailed\data\shader\quadvs.cso
c:\users\kouya\desktop\ccdikdemo\breadprojectfailed\library\breadlibrary\include\hlsl\shadowmapps.h
c:\users\kouya\desktop\ccdikdemo\breadprojectfailed\data\shader\shadowmapps.cso
c:\users\kouya\desktop\ccdikdemo\breadprojectfailed\library\breadlibrary\include\hlsl\skymapps.h
c:\users\kouya\desktop\ccdikdemo\breadprojectfailed\data\shader\skymapps.cso
c:\users\kouya\desktop\ccdikdemo\breadprojectfailed\library\breadlibrary\include\hlsl\skymapvs.h
c:\users\kouya\desktop\ccdikdemo\breadprojectfailed\data\shader\skymapvs.cso
c:\users\kouya\desktop\ccdikdemo\breadprojectfailed\library\breadlibrary\include\hlsl\standardps.h
c:\users\kouya\desktop\ccdikdemo\breadprojectfailed\data\shader\standardps.cso
c:\users\kouya\desktop\ccdikdemo\breadprojectfailed\library\breadlibrary\include\hlsl\standardvs.h
c:\users\kouya\desktop\ccdikdemo\breadprojectfailed\data\shader\standardvs.cso
c:\users\kouya\desktop\ccdikdemo\breadprojectfailed\library\breadlibrary\include\hlsl\standardvsskin.h
c:\users\kouya\desktop\ccdikdemo\breadprojectfailed\data\shader\standardvsskin.cso
c:\users\kouya\desktop\ccdikdemo\breadprojectfailed\library\breadlibrary\include\hlsl\tonemapps.h
c:\users\kouya\desktop\ccdikdemo\breadprojectfailed\data\shader\tonemapps.cso
c:\users\kouya\desktop\ccdikdemo\breadprojectfailed\library\breadlibrary\include\hlsl\velocitymapps.h
c:\users\kouya\desktop\ccdikdemo\breadprojectfailed\data\shader\velocitymapps.cso
c:\users\bread\desktop\ccdikdemo\breadprojectfailed\library\breadlibrary\build\obj\breadlib_hlsl\x86\debug\breadlib_hlsl.tlog\fxc.command.1.tlog
c:\users\bread\desktop\ccdikdemo\breadprojectfailed\library\breadlibrary\build\obj\breadlib_hlsl\x86\debug\breadlib_hlsl.tlog\fxc.read.1.tlog
c:\users\bread\desktop\ccdikdemo\breadprojectfailed\library\breadlibrary\build\obj\breadlib_hlsl\x86\debug\breadlib_hlsl.tlog\fxc.write.1.tlog
