d:\worlkingfolder\ccdikdemo\breadprojectfailed\ikdemoeditor\library\breadlibrary\build\lib\x86\release\breadlib_framework.pdb
d:\worlkingfolder\ccdikdemo\breadprojectfailed\ikdemoeditor\library\breadlibrary\build\obj\breadlib_framework\x86\release\inputdevice.obj
d:\worlkingfolder\ccdikdemo\breadprojectfailed\ikdemoeditor\library\breadlibrary\build\obj\breadlib_framework\x86\release\enumer.obj
d:\worlkingfolder\ccdikdemo\breadprojectfailed\ikdemoeditor\library\breadlibrary\build\obj\breadlib_framework\x86\release\spatialindex.obj
d:\worlkingfolder\ccdikdemo\breadprojectfailed\ikdemoeditor\library\breadlibrary\build\obj\breadlib_framework\x86\release\pch.obj
d:\worlkingfolder\ccdikdemo\breadprojectfailed\ikdemoeditor\library\breadlibrary\build\obj\breadlib_framework\x86\release\lua.obj
d:\worlkingfolder\ccdikdemo\breadprojectfailed\ikdemoeditor\library\breadlibrary\build\obj\breadlib_framework\x86\release\rccppmainloop.obj
d:\worlkingfolder\ccdikdemo\breadprojectfailed\ikdemoeditor\library\breadlibrary\build\obj\breadlib_framework\x86\release\gpuparticle.obj
d:\worlkingfolder\ccdikdemo\breadprojectfailed\ikdemoeditor\library\breadlibrary\build\obj\breadlib_framework\x86\release\basicskinshader.obj
d:\worlkingfolder\ccdikdemo\breadprojectfailed\ikdemoeditor\library\breadlibrary\build\obj\breadlib_framework\x86\release\componentmanager.obj
d:\worlkingfolder\ccdikdemo\breadprojectfailed\ikdemoeditor\library\breadlibrary\build\obj\breadlib_framework\x86\release\ibl.obj
d:\worlkingfolder\ccdikdemo\breadprojectfailed\ikdemoeditor\library\breadlibrary\build\obj\breadlib_framework\x86\release\animator.obj
d:\worlkingfolder\ccdikdemo\breadprojectfailed\ikdemoeditor\library\breadlibrary\build\obj\breadlib_framework\x86\release\bitonicsort.obj
d:\worlkingfolder\ccdikdemo\breadprojectfailed\ikdemoeditor\library\breadlibrary\build\obj\breadlib_framework\x86\release\object.obj
d:\worlkingfolder\ccdikdemo\breadprojectfailed\ikdemoeditor\library\breadlibrary\build\obj\breadlib_framework\x86\release\audio.obj
d:\worlkingfolder\ccdikdemo\breadprojectfailed\ikdemoeditor\library\breadlibrary\build\obj\breadlib_framework\x86\release\framebuffer.obj
d:\worlkingfolder\ccdikdemo\breadprojectfailed\ikdemoeditor\library\breadlibrary\build\obj\breadlib_framework\x86\release\pbrshader.obj
d:\worlkingfolder\ccdikdemo\breadprojectfailed\ikdemoeditor\library\breadlibrary\build\obj\breadlib_framework\x86\release\stdiologsystem.obj
d:\worlkingfolder\ccdikdemo\breadprojectfailed\ikdemoeditor\library\breadlibrary\build\obj\breadlib_framework\x86\release\computeshader.obj
d:\worlkingfolder\ccdikdemo\breadprojectfailed\ikdemoeditor\library\breadlibrary\build\obj\breadlib_framework\x86\release\quad.obj
d:\worlkingfolder\ccdikdemo\breadprojectfailed\ikdemoeditor\library\breadlibrary\build\obj\breadlib_framework\x86\release\actormanager.obj
d:\worlkingfolder\ccdikdemo\breadprojectfailed\ikdemoeditor\library\breadlibrary\build\obj\breadlib_framework\x86\release\fullscreenquad.obj
d:\worlkingfolder\ccdikdemo\breadprojectfailed\ikdemoeditor\library\breadlibrary\build\obj\breadlib_framework\x86\release\main.obj
d:\worlkingfolder\ccdikdemo\breadprojectfailed\ikdemoeditor\library\breadlibrary\build\obj\breadlib_framework\x86\release\skymapshader.obj
d:\worlkingfolder\ccdikdemo\breadprojectfailed\ikdemoeditor\library\breadlibrary\build\obj\breadlib_framework\x86\release\spatialdivisionmanager.obj
d:\worlkingfolder\ccdikdemo\breadprojectfailed\ikdemoeditor\library\breadlibrary\build\obj\breadlib_framework\x86\release\listmanagebyint.obj
d:\worlkingfolder\ccdikdemo\breadprojectfailed\ikdemoeditor\library\breadlibrary\build\obj\breadlib_framework\x86\release\model.obj
d:\worlkingfolder\ccdikdemo\breadprojectfailed\ikdemoeditor\library\breadlibrary\build\obj\breadlib_framework\x86\release\systemcontainer.obj
d:\worlkingfolder\ccdikdemo\breadprojectfailed\ikdemoeditor\library\breadlibrary\build\obj\breadlib_framework\x86\release\wavfilereader.obj
d:\worlkingfolder\ccdikdemo\breadprojectfailed\ikdemoeditor\library\breadlibrary\build\obj\breadlib_framework\x86\release\testcomputeshader.obj
d:\worlkingfolder\ccdikdemo\breadprojectfailed\ikdemoeditor\library\breadlibrary\build\obj\breadlib_framework\x86\release\basicshader.obj
d:\worlkingfolder\ccdikdemo\breadprojectfailed\ikdemoeditor\library\breadlibrary\build\obj\breadlib_framework\x86\release\actor.obj
d:\worlkingfolder\ccdikdemo\breadprojectfailed\ikdemoeditor\library\breadlibrary\build\obj\breadlib_framework\x86\release\terrainmanager.obj
d:\worlkingfolder\ccdikdemo\breadprojectfailed\ikdemoeditor\library\breadlibrary\build\obj\breadlib_framework\x86\release\ikmanager.obj
d:\worlkingfolder\ccdikdemo\breadprojectfailed\ikdemoeditor\library\breadlibrary\build\obj\breadlib_framework\x86\release\standardshader.obj
d:\worlkingfolder\ccdikdemo\breadprojectfailed\ikdemoeditor\library\breadlibrary\build\obj\breadlib_framework\x86\release\farbikmanager.obj
d:\worlkingfolder\ccdikdemo\breadprojectfailed\ikdemoeditor\library\breadlibrary\build\lib\x86\release\breadlib_framework.lib
d:\worlkingfolder\ccdikdemo\breadprojectfailed\ikdemoeditor\library\breadlibrary\build\breadlib_framework\..\lib\x86\release\breadlib_framework.pdb
d:\worlkingfolder\ccdikdemo\breadprojectfailed\ikdemoeditor\library\breadlibrary\build\obj\breadlib_framework\x86\release\breadlib.26ae0583.tlog\cl.command.1.tlog
d:\worlkingfolder\ccdikdemo\breadprojectfailed\ikdemoeditor\library\breadlibrary\build\obj\breadlib_framework\x86\release\breadlib.26ae0583.tlog\cl.read.1.tlog
d:\worlkingfolder\ccdikdemo\breadprojectfailed\ikdemoeditor\library\breadlibrary\build\obj\breadlib_framework\x86\release\breadlib.26ae0583.tlog\cl.write.1.tlog
d:\worlkingfolder\ccdikdemo\breadprojectfailed\ikdemoeditor\library\breadlibrary\build\obj\breadlib_framework\x86\release\breadlib.26ae0583.tlog\lib-link.read.1.tlog
d:\worlkingfolder\ccdikdemo\breadprojectfailed\ikdemoeditor\library\breadlibrary\build\obj\breadlib_framework\x86\release\breadlib.26ae0583.tlog\lib-link.write.1.tlog
d:\worlkingfolder\ccdikdemo\breadprojectfailed\ikdemoeditor\library\breadlibrary\build\obj\breadlib_framework\x86\release\breadlib.26ae0583.tlog\lib.command.1.tlog
