c:\users\bread\desktop\ccdikdemo\breadprojectfailed\library\breadlibrary\build\obj\breadlib_framework\x86\debug\stdiologsystem.obj
c:\users\bread\desktop\ccdikdemo\breadprojectfailed\library\breadlibrary\build\obj\breadlib_framework\x86\debug\object.obj
c:\users\bread\desktop\ccdikdemo\breadprojectfailed\library\breadlibrary\build\obj\breadlib_framework\x86\debug\model.obj
c:\users\bread\desktop\ccdikdemo\breadprojectfailed\library\breadlibrary\build\obj\breadlib_framework\x86\debug\actorsystem.obj
c:\users\bread\desktop\ccdikdemo\breadprojectfailed\library\breadlibrary\build\obj\breadlib_framework\x86\debug\actor.obj
c:\users\bread\desktop\ccdikdemo\breadprojectfailed\library\breadlibrary\build\obj\breadlib_framework\x86\debug\pch.obj
c:\users\bread\desktop\ccdikdemo\breadprojectfailed\library\breadlibrary\build\obj\breadlib_framework\x86\debug\basicskinshader.obj
c:\users\bread\desktop\ccdikdemo\breadprojectfailed\library\breadlibrary\build\obj\breadlib_framework\x86\debug\ccdik.obj
c:\users\bread\desktop\ccdikdemo\breadprojectfailed\library\breadlibrary\build\obj\breadlib_framework\x86\debug\systemcontainer.obj
c:\users\bread\desktop\ccdikdemo\breadprojectfailed\library\breadlibrary\build\obj\breadlib_framework\x86\debug\audio.obj
c:\users\bread\desktop\ccdikdemo\breadprojectfailed\library\breadlibrary\build\obj\breadlib_framework\x86\debug\framebuffer.obj
c:\users\bread\desktop\ccdikdemo\breadprojectfailed\library\breadlibrary\build\obj\breadlib_framework\x86\debug\pbrshader.obj
c:\users\bread\desktop\ccdikdemo\breadprojectfailed\library\breadlibrary\build\obj\breadlib_framework\x86\debug\rccppmainloop.obj
c:\users\bread\desktop\ccdikdemo\breadprojectfailed\library\breadlibrary\build\obj\breadlib_framework\x86\debug\main.obj
c:\users\bread\desktop\ccdikdemo\breadprojectfailed\library\breadlibrary\build\obj\breadlib_framework\x86\debug\scenesystem.obj
c:\users\bread\desktop\ccdikdemo\breadprojectfailed\library\breadlibrary\build\obj\breadlib_framework\x86\debug\skymapshader.obj
c:\users\bread\desktop\ccdikdemo\breadprojectfailed\library\breadlibrary\build\obj\breadlib_framework\x86\debug\bitonicsort.obj
c:\users\bread\desktop\ccdikdemo\breadprojectfailed\library\breadlibrary\build\obj\breadlib_framework\x86\debug\basicshader.obj
c:\users\bread\desktop\ccdikdemo\breadprojectfailed\library\breadlibrary\build\obj\breadlib_framework\x86\debug\enumer.obj
c:\users\bread\desktop\ccdikdemo\breadprojectfailed\library\breadlibrary\build\obj\breadlib_framework\x86\debug\computeshader.obj
c:\users\bread\desktop\ccdikdemo\breadprojectfailed\library\breadlibrary\build\obj\breadlib_framework\x86\debug\lua.obj
c:\users\bread\desktop\ccdikdemo\breadprojectfailed\library\breadlibrary\build\obj\breadlib_framework\x86\debug\listmanagebyint.obj
c:\users\bread\desktop\ccdikdemo\breadprojectfailed\library\breadlibrary\build\obj\breadlib_framework\x86\debug\gpuparticle.obj
c:\users\bread\desktop\ccdikdemo\breadprojectfailed\library\breadlibrary\build\obj\breadlib_framework\x86\debug\standardshader.obj
c:\users\bread\desktop\ccdikdemo\breadprojectfailed\library\breadlibrary\build\obj\breadlib_framework\x86\debug\wavfilereader.obj
c:\users\bread\desktop\ccdikdemo\breadprojectfailed\library\breadlibrary\build\obj\breadlib_framework\x86\debug\fullscreenquad.obj
c:\users\bread\desktop\ccdikdemo\breadprojectfailed\library\breadlibrary\build\obj\breadlib_framework\x86\debug\ibl.obj
c:\users\bread\desktop\ccdikdemo\breadprojectfailed\library\breadlibrary\build\obj\breadlib_framework\x86\debug\animator.obj
c:\users\bread\desktop\ccdikdemo\breadprojectfailed\library\breadlibrary\build\obj\breadlib_framework\x86\debug\testcomputeshader.obj
c:\users\bread\desktop\ccdikdemo\breadprojectfailed\library\breadlibrary\build\obj\breadlib_framework\x86\debug\quad.obj
c:\users\bread\desktop\ccdikdemo\breadprojectfailed\library\breadlibrary\build\lib\x86\debug\breadlib_framework.pdb
c:\users\bread\desktop\ccdikdemo\breadprojectfailed\library\breadlibrary\build\obj\breadlib_framework\x86\debug\inputdevice.obj
c:\users\bread\desktop\ccdikdemo\breadprojectfailed\library\breadlibrary\build\lib\x86\debug\breadlib_framework.lib
c:\users\bread\desktop\ccdikdemo\breadprojectfailed\library\breadlibrary\build\breadlib_framework\..\lib\x86\debug\breadlib_framework.pdb
c:\users\bread\desktop\ccdikdemo\breadprojectfailed\library\breadlibrary\build\obj\breadlib_framework\x86\debug\breadlib.26ae0583.tlog\cl.command.1.tlog
c:\users\bread\desktop\ccdikdemo\breadprojectfailed\library\breadlibrary\build\obj\breadlib_framework\x86\debug\breadlib.26ae0583.tlog\cl.read.1.tlog
c:\users\bread\desktop\ccdikdemo\breadprojectfailed\library\breadlibrary\build\obj\breadlib_framework\x86\debug\breadlib.26ae0583.tlog\cl.write.1.tlog
c:\users\bread\desktop\ccdikdemo\breadprojectfailed\library\breadlibrary\build\obj\breadlib_framework\x86\debug\breadlib.26ae0583.tlog\lib-link.read.1.tlog
c:\users\bread\desktop\ccdikdemo\breadprojectfailed\library\breadlibrary\build\obj\breadlib_framework\x86\debug\breadlib.26ae0583.tlog\lib-link.write.1.tlog
c:\users\bread\desktop\ccdikdemo\breadprojectfailed\library\breadlibrary\build\obj\breadlib_framework\x86\debug\breadlib.26ae0583.tlog\lib.command.1.tlog
