  SkyMapShader.cpp
  FARBIKManager.cpp
  IKManager.cpp
  SpatialIndex.cpp
  IBL.cpp
  Main.cpp
  Object.cpp
  TerrainManager.cpp
  BasicShader.cpp
  BasicSkinShader.cpp
  PBRShader.cpp
  StandardShader.cpp
D:\worlkingFolder\ccdikDemo\BREADProjectFailed\IKDemoEditor\Library\BREADLibrary\Source\FrameWork\Object\TerrainManager.cpp(38,4): warning C4229: 旧形式が使用されています: データの修飾子は無視されます。
D:\worlkingFolder\ccdikDemo\BREADProjectFailed\IKDemoEditor\Library\BREADLibrary\Source\FrameWork\Object\TerrainManager.cpp(61,59): warning C4244: '引数': 'unsigned int' から 'const Bread::f32' への変換です。データが失われる可能性があります。
D:\worlkingFolder\ccdikDemo\BREADProjectFailed\IKDemoEditor\Library\BREADLibrary\Source\FrameWork\Object\TerrainManager.cpp(127,40): warning C4244: '引数': 'unsigned int' から 'const Bread::f32' への変換です。データが失われる可能性があります。
D:\worlkingFolder\ccdikDemo\BREADProjectFailed\IKDemoEditor\Library\BREADLibrary\Source\FrameWork\Object\TerrainManager.cpp(162,4): warning C4229: 旧形式が使用されています: データの修飾子は無視されます。
D:\worlkingFolder\ccdikDemo\BREADProjectFailed\IKDemoEditor\Library\BREADLibrary\Source\FrameWork\Object\TerrainManager.cpp(185,59): warning C4244: '引数': 'unsigned int' から 'const Bread::f32' への変換です。データが失われる可能性があります。
D:\worlkingFolder\ccdikDemo\BREADProjectFailed\IKDemoEditor\Library\BREADLibrary\Source\FrameWork\Object\TerrainManager.cpp(250,39): warning C4244: '引数': 'unsigned int' から 'const Bread::f32' への変換です。データが失われる可能性があります。
D:\worlkingFolder\ccdikDemo\BREADProjectFailed\IKDemoEditor\Library\BREADLibrary\Source\FrameWork\Object\TerrainManager.cpp(318,1): warning C4229: 旧形式が使用されています: データの修飾子は無視されます。
D:\worlkingFolder\ccdikDemo\BREADProjectFailed\IKDemoEditor\Library\BREADLibrary\Source\FrameWork\Compoment\FARBIKManager.cpp(71,24): warning C4018: '<': signed と unsigned の数値を比較しようとしました。
D:\worlkingFolder\ccdikDemo\BREADProjectFailed\IKDemoEditor\Library\BREADLibrary\Source\FrameWork\Compoment\IKManager.cpp(142,23): warning C4018: '<': signed と unsigned の数値を比較しようとしました。
D:\worlkingFolder\ccdikDemo\BREADProjectFailed\IKDemoEditor\Library\BREADLibrary\Source\FrameWork\Compoment\IKManager.cpp(154,23): warning C4018: '<': signed と unsigned の数値を比較しようとしました。
D:\worlkingFolder\ccdikDemo\BREADProjectFailed\IKDemoEditor\Library\BREADLibrary\Source\FrameWork\Compoment\IKManager.cpp(162,24): warning C4018: '<': signed と unsigned の数値を比較しようとしました。
D:\worlkingFolder\ccdikDemo\BREADProjectFailed\IKDemoEditor\Library\BREADLibrary\Source\FrameWork\Compoment\IKManager.cpp(174,23): warning C4018: '<': signed と unsigned の数値を比較しようとしました。
D:\worlkingFolder\ccdikDemo\BREADProjectFailed\IKDemoEditor\Library\BREADLibrary\Source\FrameWork\Compoment\IKManager.cpp(227,24): warning C4018: '<': signed と unsigned の数値を比較しようとしました。
D:\worlkingFolder\ccdikDemo\BREADProjectFailed\IKDemoEditor\Library\BREADLibrary\Source\FrameWork\Compoment\IKManager.cpp(593,24): warning C4018: '<': signed と unsigned の数値を比較しようとしました。
D:\worlkingFolder\ccdikDemo\BREADProjectFailed\IKDemoEditor\Library\BREADLibrary\Include\FrameWork\Object\TerrainManager.h(67): warning C4172: ローカル変数またはテンポラリのアドレスを返します
D:\worlkingFolder\ccdikDemo\BREADProjectFailed\IKDemoEditor\Library\BREADLibrary\Include\FrameWork\Object\TerrainManager.h(66): warning C4172: ローカル変数またはテンポラリのアドレスを返します
D:\worlkingFolder\ccdikDemo\BREADProjectFailed\IKDemoEditor\Library\BREADLibrary\Source\FrameWork\Compoment\FARBIKManager.cpp(203): warning C4172: ローカル変数またはテンポラリのアドレスを返します: result
  BreadLib_FrameWork.vcxproj -> D:\worlkingFolder\ccdikDemo\BREADProjectFailed\IKDemoEditor\Library\BREADLibrary\Build\lib\x86\Debug\BreadLib_FrameWork.lib
