c:\users\bread\desktop\ccdikdemo\breadprojectfailed\ikdemoeditor\library\breadlibrary\build\obj\breadlib_os\x86\debug\pch.obj
c:\users\bread\desktop\ccdikdemo\breadprojectfailed\ikdemoeditor\library\breadlibrary\build\obj\breadlib_os\x86\debug\eventwin.obj
c:\users\bread\desktop\ccdikdemo\breadprojectfailed\ikdemoeditor\library\breadlibrary\build\obj\breadlib_os\x86\debug\displaywin.obj
c:\users\bread\desktop\ccdikdemo\breadprojectfailed\ikdemoeditor\library\breadlibrary\build\obj\breadlib_os\x86\debug\criticalsectionwin.obj
c:\users\bread\desktop\ccdikdemo\breadprojectfailed\ikdemoeditor\library\breadlibrary\build\obj\breadlib_os\x86\debug\memorystream.obj
c:\users\bread\desktop\ccdikdemo\breadprojectfailed\ikdemoeditor\library\breadlibrary\build\obj\breadlib_os\x86\debug\resource.obj
c:\users\bread\desktop\ccdikdemo\breadprojectfailed\ikdemoeditor\library\breadlibrary\build\obj\breadlib_os\x86\debug\filestreamwin.obj
c:\users\bread\desktop\ccdikdemo\breadprojectfailed\ikdemoeditor\library\breadlibrary\build\obj\breadlib_os\x86\debug\resourcemanager.obj
c:\users\bread\desktop\ccdikdemo\breadprojectfailed\ikdemoeditor\library\breadlibrary\build\obj\breadlib_os\x86\debug\path.obj
c:\users\bread\desktop\ccdikdemo\breadprojectfailed\ikdemoeditor\library\breadlibrary\build\obj\breadlib_os\x86\debug\criticalsection.obj
c:\users\bread\desktop\ccdikdemo\breadprojectfailed\ikdemoeditor\library\breadlibrary\build\obj\breadlib_os\x86\debug\mainwin.obj
c:\users\bread\desktop\ccdikdemo\breadprojectfailed\ikdemoeditor\library\breadlibrary\build\obj\breadlib_os\x86\debug\threadwin.obj
c:\users\bread\desktop\ccdikdemo\breadprojectfailed\ikdemoeditor\library\breadlibrary\build\lib\x86\debug\breadlib_os.pdb
c:\users\bread\desktop\ccdikdemo\breadprojectfailed\ikdemoeditor\library\breadlibrary\build\lib\x86\debug\breadlib_os.lib
c:\users\bread\desktop\ccdikdemo\breadprojectfailed\ikdemoeditor\library\breadlibrary\build\breadlib_os\..\lib\x86\debug\breadlib_os.pdb
c:\users\bread\desktop\ccdikdemo\breadprojectfailed\ikdemoeditor\library\breadlibrary\build\obj\breadlib_os\x86\debug\breadlib_os.tlog\cl.10344.write.1.tlog
c:\users\bread\desktop\ccdikdemo\breadprojectfailed\ikdemoeditor\library\breadlibrary\build\obj\breadlib_os\x86\debug\breadlib_os.tlog\cl.command.1.tlog
c:\users\bread\desktop\ccdikdemo\breadprojectfailed\ikdemoeditor\library\breadlibrary\build\obj\breadlib_os\x86\debug\breadlib_os.tlog\cl.read.1.tlog
c:\users\bread\desktop\ccdikdemo\breadprojectfailed\ikdemoeditor\library\breadlibrary\build\obj\breadlib_os\x86\debug\breadlib_os.tlog\lib-link.read.1.tlog
c:\users\bread\desktop\ccdikdemo\breadprojectfailed\ikdemoeditor\library\breadlibrary\build\obj\breadlib_os\x86\debug\breadlib_os.tlog\lib-link.write.1.tlog
c:\users\bread\desktop\ccdikdemo\breadprojectfailed\ikdemoeditor\library\breadlibrary\build\obj\breadlib_os\x86\debug\breadlib_os.tlog\lib.command.1.tlog
