  SkyMapShader.cpp
  Actor.cpp
  IKManager.cpp
  CCDIK.cpp
  Model.cpp
  BitonicSort.cpp
  ComputeShader.cpp
  GPUParticle.cpp
  TestComputeShader.cpp
  FrameBuffer.cpp
  IBL.cpp
  Main.cpp
  Object.cpp
  Quad.cpp
  Lua.cpp
  BasicShader.cpp
  BasicSkinShader.cpp
D:\作業中ファイル\ccdikDemo\BREADProjectFailed\IKDemoEditor\Library\BREADLibrary\Include\FrameWork\Component\VelocityMap.h(165,42): warning C4227: 旧形式が使用されています: 参照の修飾子は無視されます。 (ソース ファイルをコンパイルしています ..\..\Source\FrameWork\Compoment\IKManager.cpp)
D:\作業中ファイル\ccdikDemo\BREADProjectFailed\IKDemoEditor\Library\BREADLibrary\Include\FrameWork\Component\VelocityMap.h(183,42): warning C4227: 旧形式が使用されています: 参照の修飾子は無視されます。 (ソース ファイルをコンパイルしています ..\..\Source\FrameWork\Compoment\IKManager.cpp)
  PBRShader.cpp
  StandardShader.cpp
  BreadLib_FrameWork.vcxproj -> D:\作業中ファイル\ccdikDemo\BREADProjectFailed\IKDemoEditor\Library\BREADLibrary\Build\lib\x64\Debug\BreadLib_FrameWork.lib
